{"D:\\Desktop\\jest-test\\config.js": {"path":"D:\\Desktop\\jest-test\\config.js","statementMap":{"0":{"start":{"line":1,"column":23},"end":{"line":6,"column":2}},"1":{"start":{"line":1,"column":30},"end":{"line":6,"column":1}},"2":{"start":{"line":8,"column":24},"end":{"line":14,"column":2}},"3":{"start":{"line":8,"column":31},"end":{"line":14,"column":1}},"4":{"start":{"line":16,"column":0},"end":{"line":19,"column":1}}},"fnMap":{"0":{"name":"(anonymous_0)","decl":{"start":{"line":1,"column":23},"end":{"line":1,"column":24}},"loc":{"start":{"line":1,"column":30},"end":{"line":6,"column":1}},"line":1},"1":{"name":"(anonymous_1)","decl":{"start":{"line":8,"column":24},"end":{"line":8,"column":25}},"loc":{"start":{"line":8,"column":31},"end":{"line":14,"column":1}},"line":8}},"branchMap":{},"s":{"0":1,"1":1,"2":1,"3":2,"4":1},"f":{"0":1,"1":2},"b":{},"_coverageSchema":"1a1c01bbd47fc00a2c39e90264f33305004495a9","hash":"789dd717bae7e936f9c4359d8909a5b71a93d1cf"}
}
